MPASM  5.51                    ATODPOLLED.ASM   10-18-2013  10:00:02         PAGE  1


LOC  OBJECT CODE     LINE SOURCE TEXT
  VALUE

                      00001                 LIST P=16F74
                      00002                 title "A/D Demo Program"
2007   3FB2           00003                 __CONFIG B'11111110110010'
                      00004 
                      00005 ;************************************************************
                      00006 ;
                      00007 ;       Demonstrates PIC16F74's Analog to Digital (A/D) converter.
                      00008 ;
                      00009 ;       The A/D is configured in ADCON0 and ADCON1 as follows:
                      00010 ;               Vred = +5V internal
                      00011 ;               A/D Oscillator = 8 * oscillator period (of processor)
                      00012 ;               A/D Channel = AN0 (RA0)
                      00013 ;
                      00014 ;       The program converts the potentiometer value on RA0 and
                      00015 ;       displays it as an 8 bit binary value on Port D
                      00016 ;
                      00017 ;       When the indicator reads 0 (full scale ccw), the reading
                      00018 ;       on the LEDs connected to Port D should be 0. When the indicator
                      00019 ;       reads 10 (full scale cw), the readings on the LEDs connected to
                      00020 ;       Port D should be FF. When in between, the reading on the LEDs
                      00021 ;       will be scaled proportionately.
                      00022 ;
                      00023 ;       State register (not used)
                      00024 ;               bit 0
                      00025 ;               bit 1
                      00026 ;               bit 2
                      00027 ;               bit 3
                      00028 ;               bit 4
                      00029 ;               bit 5
                      00030 ;               bit 6
                      00031 ;               bit 7
                      00032 ;
                      00033 ;************************************************************
                      00034 
                      00035         #include <P16F74.INC>                                   ; include file for device
                      00001         LIST
                      00002 
                      00003 ;==========================================================================
                      00004 ;  MPASM PIC16F74 processor include
                      00005 ; 
                      00006 ;  (c) Copyright 1999-2013 Microchip Technology, All rights reserved
                      00007 ;==========================================================================
                      00008 
                      00497         LIST
                      00036 
                      00037 ;       Variable declarations
                      00038 
  00000020            00039 Temp    equ             20h                                                     ; temporary storage vari
                            able
  00000021            00040 State   equ             21h                                                     ; program state register
                      00041 
                      00042 
                      00043                 org             00h                                                     ; reset vector
MPASM  5.51                    ATODPOLLED.ASM   10-18-2013  10:00:02         PAGE  2
A/D Demo Program

LOC  OBJECT CODE     LINE SOURCE TEXT
  VALUE

                      00044 
0000   2???           00045                 goto    initPort                                        ; goto start of routine
                      00046 
                      00047                 org             04h                                                     ; interrupt vect
                            or
0004   2???           00048                 goto    isrService                                      ; jump to interrupt routine
                      00049 
                      00050 
                      00051                 org             10h
                      00052 
                      00053 ;%%%%%%%%%%%%%%%%%%%%%%%%%%%%%%%%%%%%%%%%%%%%%%%%%%%%%%%%%%%%
                      00054 ;
                      00055 ;       Port Initialization
                      00056 
0010                  00057 initPort
                      00058 
0010   0188           00059                 clrf            PORTD                                   ; set Port D low
0011   1683           00060                 bsf                     STATUS,RP0                              ; select register bank 1
Message[302]: Register in operand not in bank 0.  Ensure that bank bits are correct.
0012   0188           00061                 clrf            TRISD                                   ; set Port D as outputs
0013   1283           00062                 bcf                     STATUS,RP0                              ; select register bank 0
0014   2???           00063                 call            initAD                                  ; call to initialize A/D
0015   2???           00064                 call            SetupDelay                              ; delay for Tad (see data sheet)
                             prior to A/D start
0016   151F           00065                 bsf                     ADCON0,GO                               ; start A/D conversion
                      00066 
                      00067 ;
                      00068 ;%%%%%%%%%%%%%%%%%%%%%%%%%%%%%%%%%%%%%%%%%%%%%%%%%%%%%%%%%%%%
                      00069 
                      00070 
                      00071 ;
                      00072 ;       Wait loop
                      00073 
0017                  00074 waitLoop
                      00075         
0017   191F           00076                 btfsc           ADCON0,GO                               ; check if A/D is finished
0018   2???           00077                 goto            waitLoop                                ; loop until A/D finished
                      00078 
                      00079 
                      00080 ;               Get value and display on LEDs
                      00081                 
0019   191F           00082                 btfsc           ADCON0,GO                               ; make sure A/D finished
001A   2???           00083                 goto            waitLoop                                ; A/D not finished, continue to 
                            loop
001B   081E           00084                 movf            ADRES,W                                 ; get A/D value
001C   0088           00085                 movwf           PORTD                                   ; display on LEDs
001D   151F           00086                 bsf                     ADCON0,GO                               ; restart A/D conversion
001E   2???           00087                 goto            waitLoop                                ; return to loop
                      00088 
                      00089 
                      00090 ;%%%%%%%%%%%%%%%%%%%%%%%%%%%%%%%%%%%%%%%%%%%%%%%%%%%%%%%%%%%%
                      00091 ;
                      00092 ;       InitializeAD - initializes and sets up A/D hardware
MPASM  5.51                    ATODPOLLED.ASM   10-18-2013  10:00:02         PAGE  3
A/D Demo Program

LOC  OBJECT CODE     LINE SOURCE TEXT
  VALUE

                      00093 ;       Select AN0 to AN3 as analog inputs, proper clock period, and read AN0
                      00094 
001F                  00095 initAD 
                      00096 
001F   1683           00097                 bsf                     STATUS,RP0                              ; select register bank 1
0020   3004           00098                 movlw           B'00000100'                             ; RA0, RA1, RA3 analog inputs, a
                            ll other digital
Message[302]: Register in operand not in bank 0.  Ensure that bank bits are correct.
0021   009F           00099                 movwf           ADCON1                                  ; move to special function A/D r
                            egister
0022   1283           00100                 bcf                     STATUS,RP0                              ; select register bank 0
0023   3041           00101                 movlw           B'01000001'                             ; select 8 * oscillator, analog 
                            input 0, turn on
0024   009F           00102                 movwf           ADCON0                                  ; move to spectial function A/D 
                            register
0025   0008           00103                 return
                      00104 
                      00105 ;%%%%%%%%%%%%%%%%%%%%%%%%%%%%%%%%%%%%%%%%%%%%%%%%%%%%%%%%%%%%
                      00106 
                      00107 ;
                      00108 ;       This routing is a software delay of 10uS required for A/D setup.
                      00109 ;       At a 4Mhz clock, the loop takes 3Us, so initialize the register Temp with
                      00110 ;       a value of 3 to give 9us, plus the move etc should result in total time
                      00111 ;       of > 10uS
                      00112 
0026                  00113 SetupDelay
                      00114 
0026   3003           00115                 movlw           03h                                             ; load Temp with hex 3
0027   00A0           00116                 movwf           Temp
                      00117 
0028                  00118 delay
                      00119                 
0028   0BA0           00120                 decfsz          Temp,F                                  ; Delay loop
0029   2???           00121                 goto            delay
002A   0008           00122                 return
                      00123 
                      00124 ;~~~~~~~~~~~~~~~~~~~~~~~~~~~~~~~~~~~~~~~~~~~~~~~~~~~~~~~~~~~~
                      00125 ;
                      00126 
002B                  00127 isrService
                      00128 
002B   2???           00129                 goto            isrService                              ; error - - stay here
                      00130 
                      00131 ;~~~~~~~~~~~~~~~~~~~~~~~~~~~~~~~~~~~~~~~~~~~~~~~~~~~~~~~~~~~~
                      00132 
3FB2                  00133                 END
MPASM  5.51                    ATODPOLLED.ASM   10-18-2013  10:00:02         PAGE  4
A/D Demo Program

SYMBOL TABLE
  LABEL                             VALUE 

ADCON0                            0000001F
ADCON1                            0000009F
ADCS0                             00000006
ADCS1                             00000007
ADIE                              00000006
ADIF                              00000006
ADON                              00000000
ADRES                             0000001E
BF                                00000000
BRGH                              00000002
C                                 00000000
CCP1CON                           00000017
CCP1IE                            00000002
CCP1IF                            00000002
CCP1M0                            00000000
CCP1M1                            00000001
CCP1M2                            00000002
CCP1M3                            00000003
CCP1X                             00000005
CCP1Y                             00000004
CCP2CON                           0000001D
CCP2IE                            00000000
CCP2IF                            00000000
CCP2M0                            00000000
CCP2M1                            00000001
CCP2M2                            00000002
CCP2M3                            00000003
CCP2X                             00000005
CCP2Y                             00000004
CCPR1                             00000015
CCPR1H                            00000016
CCPR1L                            00000015
CCPR2                             0000001B
CCPR2H                            0000001C
CCPR2L                            0000001B
CHS0                              00000003
CHS1                              00000004
CHS2                              00000005
CKE                               00000006
CKP                               00000004
CREN                              00000004
CSRC                              00000007
D                                 00000005
DATA_ADDRESS                      00000005
DC                                00000001
D_A                               00000005
D_NOT_A                           00000005
F                                 00000001
FERR                              00000002
FSR                               00000004
GIE                               00000007
GO                                00000002
GO_DONE                           00000002
MPASM  5.51                    ATODPOLLED.ASM   10-18-2013  10:00:02         PAGE  5
A/D Demo Program

SYMBOL TABLE
  LABEL                             VALUE 

GO_NOT_DONE                       00000002
I2C_DATA                          00000005
I2C_READ                          00000002
I2C_START                         00000003
I2C_STOP                          00000004
IBF                               00000007
IBOV                              00000005
INDF                              00000000
INTCON                            0000000B
INTE                              00000004
INTEDG                            00000006
INTF                              00000001
IRP                               00000007
NOT_A                             00000005
NOT_ADDRESS                       00000005
NOT_BO                            00000000
NOT_BOR                           00000000
NOT_DONE                          00000002
NOT_PD                            00000003
NOT_POR                           00000001
NOT_RBPU                          00000007
NOT_RC8                           00000006
NOT_T1SYNC                        00000002
NOT_TO                            00000004
NOT_TX8                           00000006
NOT_W                             00000002
NOT_WRITE                         00000002
OBF                               00000006
OERR                              00000001
OPTION_REG                        00000081
P                                 00000004
PCFG0                             00000000
PCFG1                             00000001
PCFG2                             00000002
PCL                               00000002
PCLATH                            0000000A
PCON                              0000008E
PEIE                              00000006
PIE1                              0000008C
PIE2                              0000008D
PIR1                              0000000C
PIR2                              0000000D
PMADR                             0000010D
PMADRH                            0000010F
PMCON1                            0000018C
PMDATA                            0000010C
PMDATH                            0000010E
PORTA                             00000005
PORTB                             00000006
PORTC                             00000007
PORTD                             00000008
PORTE                             00000009
PR2                               00000092
MPASM  5.51                    ATODPOLLED.ASM   10-18-2013  10:00:02         PAGE  6
A/D Demo Program

SYMBOL TABLE
  LABEL                             VALUE 

PS0                               00000000
PS1                               00000001
PS2                               00000002
PSA                               00000003
PSPIE                             00000007
PSPIF                             00000007
PSPMODE                           00000004
R                                 00000002
RA0                               00000000
RA1                               00000001
RA2                               00000002
RA3                               00000003
RA4                               00000004
RA5                               00000005
RB0                               00000000
RB1                               00000001
RB2                               00000002
RB3                               00000003
RB4                               00000004
RB5                               00000005
RB6                               00000006
RB7                               00000007
RBIE                              00000003
RBIF                              00000000
RC0                               00000000
RC1                               00000001
RC2                               00000002
RC3                               00000003
RC4                               00000004
RC5                               00000005
RC6                               00000006
RC7                               00000007
RC8_9                             00000006
RC9                               00000006
RCD8                              00000000
RCIE                              00000005
RCIF                              00000005
RCREG                             0000001A
RCSTA                             00000018
RD                                00000000
RD0                               00000000
RD1                               00000001
RD2                               00000002
RD3                               00000003
RD4                               00000004
RD5                               00000005
RD6                               00000006
RD7                               00000007
RE0                               00000000
RE1                               00000001
RE2                               00000002
READ_WRITE                        00000002
RP0                               00000005
MPASM  5.51                    ATODPOLLED.ASM   10-18-2013  10:00:02         PAGE  7
A/D Demo Program

SYMBOL TABLE
  LABEL                             VALUE 

RP1                               00000006
RX9                               00000006
RX9D                              00000000
R_NOT_W                           00000002
R_W                               00000002
S                                 00000003
SMP                               00000007
SPBRG                             00000099
SPEN                              00000007
SREN                              00000005
SSPADD                            00000093
SSPBUF                            00000013
SSPCON                            00000014
SSPEN                             00000005
SSPIE                             00000003
SSPIF                             00000003
SSPM0                             00000000
SSPM1                             00000001
SSPM2                             00000002
SSPM3                             00000003
SSPOV                             00000006
SSPSTAT                           00000094
STATUS                            00000003
SYNC                              00000004
SetupDelay                        00000026
State                             00000021
T0CS                              00000005
T0IE                              00000005
T0IF                              00000002
T0SE                              00000004
T1CKPS0                           00000004
T1CKPS1                           00000005
T1CON                             00000010
T1INSYNC                          00000002
T1OSCEN                           00000003
T2CKPS0                           00000000
T2CKPS1                           00000001
T2CON                             00000012
TMR0                              00000001
TMR0IE                            00000005
TMR0IF                            00000002
TMR1                              0000000E
TMR1CS                            00000001
TMR1H                             0000000F
TMR1IE                            00000000
TMR1IF                            00000000
TMR1L                             0000000E
TMR1ON                            00000000
TMR2                              00000011
TMR2IE                            00000001
TMR2IF                            00000001
TMR2ON                            00000002
TOUTPS0                           00000003
MPASM  5.51                    ATODPOLLED.ASM   10-18-2013  10:00:02         PAGE  8
A/D Demo Program

SYMBOL TABLE
  LABEL                             VALUE 

TOUTPS1                           00000004
TOUTPS2                           00000005
TOUTPS3                           00000006
TRISA                             00000085
TRISA0                            00000000
TRISA1                            00000001
TRISA2                            00000002
TRISA3                            00000003
TRISA4                            00000004
TRISA5                            00000005
TRISB                             00000086
TRISB0                            00000000
TRISB1                            00000001
TRISB2                            00000002
TRISB3                            00000003
TRISB4                            00000004
TRISB5                            00000005
TRISB6                            00000006
TRISB7                            00000007
TRISC                             00000087
TRISC0                            00000000
TRISC1                            00000001
TRISC2                            00000002
TRISC3                            00000003
TRISC4                            00000004
TRISC5                            00000005
TRISC6                            00000006
TRISC7                            00000007
TRISD                             00000088
TRISD0                            00000000
TRISD1                            00000001
TRISD2                            00000002
TRISD3                            00000003
TRISD4                            00000004
TRISD5                            00000005
TRISD6                            00000006
TRISD7                            00000007
TRISE                             00000089
TRISE0                            00000000
TRISE1                            00000001
TRISE2                            00000002
TRMT                              00000001
TX8_9                             00000006
TX9                               00000006
TX9D                              00000000
TXD8                              00000000
TXEN                              00000005
TXIE                              00000004
TXIF                              00000004
TXREG                             00000019
TXSTA                             00000098
Temp                              00000020
UA                                00000001
MPASM  5.51                    ATODPOLLED.ASM   10-18-2013  10:00:02         PAGE  9
A/D Demo Program

SYMBOL TABLE
  LABEL                             VALUE 

W                                 00000000
WCOL                              00000007
Z                                 00000002
_BODEN_OFF                        00003FBF
_BODEN_ON                         00003FFF
_BOREN_OFF                        00003FBF
_BOREN_ON                         00003FFF
_CONFIG                           00002007
_CP_ALL                           00003FEF
_CP_OFF                           00003FFF
_CP_ON                            00003FEF
_DEVID1                           00002006
_FOSC_HS                          00003FFE
_FOSC_LP                          00003FFC
_FOSC_RC                          00003FFF
_FOSC_XT                          00003FFD
_HS_OSC                           00003FFE
_IDLOC0                           00002000
_IDLOC1                           00002001
_IDLOC2                           00002002
_IDLOC3                           00002003
_LP_OSC                           00003FFC
_PWRTE_OFF                        00003FFF
_PWRTE_ON                         00003FF7
_RC_OSC                           00003FFF
_WDTE_OFF                         00003FFB
_WDTE_ON                          00003FFF
_WDT_OFF                          00003FFB
_WDT_ON                           00003FFF
_XT_OSC                           00003FFD
__16F74                           00000001
__DEBUG                           1
delay                             00000028
initAD                            0000001F
initPort                          00000010
isrService                        0000002B
waitLoop                          00000017

Errors   :     0
Warnings :     0 reported,     0 suppressed
Messages :     2 reported,     0 suppressed

