MPASM  5.33                         TIMER.ASM   10-18-2013  14:13:05         PAGE  1


LOC  OBJECT CODE     LINE SOURCE TEXT
  VALUE

                      00001                 LIST P=16F74
                      00002                 title "Long Timer Program"
2007   3FB2           00003                 __CONFIG B'11111110110010'
                      00004 
                      00005 ;************************************************************
                      00006 ;
                      00007 ;       This program uses 3 registers to form a timer with a one second
                      00008 ;       period. Note: and extra count has to be added to the most significant
                      00009 ;       register. This is because once the register counts to zero, the delay
                      00010 ;       loop stops.
                      00011 ;
                      00012 ;       A short delay loop is 3uS, therefore need approximately 333,333 loops
                      00013 ;       to equal 1 second, 0x51615 in hex. Therefore, need 3 8-bit registers
                      00014 ;       to store this number: 0x06(0x05 + 1) in MSR, 0x16 in middle register,
                      00015 ;       and 0x15 in LSR.
                      00016 ;
                      00017 ;       Program counts the seconds and displays the count as 80bit binary value
                      00018 ;        on port D. Therefore, LEDs on Port D should increment by one every sec.
                      00019 ;
                      00020 ;       State register (not used)
                      00021 ;               bit 0
                      00022 ;               bit 1
                      00023 ;               bit 2
                      00024 ;               bit 3
                      00025 ;               bit 4
                      00026 ;               bit 5
                      00027 ;               bit 6
                      00028 ;               bit 7
                      00029 ;
                      00030 ;************************************************************
                      00031 
                      00032         #include <P16F74.INC>                           ; include file for the device
                      00001         LIST
                      00002 ; P16F74.INC  Standard Header File, Version 1.00    Microchip Technology, Inc.
                      00334         LIST
                      00033 
                      00034 ;       Variable declarations
                      00035 
  00000020            00036 Timer2  EQU     20h                                             ; 
  00000021            00037 Timer1  EQU     21h                                             ; timer storage variables
  00000022            00038 Timer0  EQU     22h                                             ;
  00000023            00039 Count   EQU     23h                                             ; count storage variable
  00000024            00040 State   EQU     24h                                             ; program state register
                      00041 
                      00042 
                      00043                 ORG             00h                                             ; reset vector
                      00044 
0000   2???           00045                 goto    initPort                                ; goto start of routine
                      00046 
                      00047                 ORG             04h                                             ; interrupt vector
0004   2???           00048                 goto    isrService                              ; jump to interrupt routine
                      00049 
                      00050 
MPASM  5.33                         TIMER.ASM   10-18-2013  14:13:05         PAGE  2
Long Timer Program

LOC  OBJECT CODE     LINE SOURCE TEXT
  VALUE

                      00051                 ORG             10h
                      00052 
                      00053 ;%%%%%%%%%%%%%%%%%%%%%%%%%%%%%%%%%%%%%%%%%%%%%%%%%%%%%%%%%%%%
                      00054 ;
                      00055 ;       Port Initialization
                      00056 
0010                  00057 initPort
                      00058 
0010   0188           00059                 clrf            PORTD                           ; clear Port D
0011   1683           00060                 bsf                     STATUS,RP0                      ; select register bank 1
Message[302]: Register in operand not in bank 0.  Ensure that bank bits are correct.
0012   0188           00061                 clrf            TRISD                           ; set Port D as all outputs
0013   1283           00062                 bcf                     STATUS,RP0                      ; select register bank 0
0014   01A3           00063                 clrf            Count                           ; clear counter register
                      00064 
                      00065 ;
                      00066 ;%%%%%%%%%%%%%%%%%%%%%%%%%%%%%%%%%%%%%%%%%%%%%%%%%%%%%%%%%%%%
                      00067 
                      00068 ;
                      00069 ;       Count loop
                      00070 
0015                  00071 timeLoop
                      00072 
0015   3006           00073                 movlw           06h                                     ; get most significant hex value
                             + 1
0016   00A0           00074                 movwf           Timer2                          ; store it in count register
0017   3016           00075                 movlw           16h                                     ; get next most significant hex 
                            value
0018   00A1           00076                 movwf           Timer1                          ; store in count register
0019   3015           00077                 movlw           15h                                     ; get least significant hex valu
                            e
001A   00A2           00078                 movwf           Timer0                          ; store in count register
                      00079 
001B                  00080 delay
                      00081 
001B   0BA2           00082                 decfsz          Timer0,F                        ; Delay loop;
001C   2???           00083                 goto            delay
001D   0BA1           00084                 decfsz          Timer1,F                        ; delay loop
001E   2???           00085                 goto            delay
001F   0BA0           00086                 decfsz          Timer2,F                        ; delay loop
0020   2???           00087                 goto            delay
                      00088 
                      00089 ;               Increment counter and display on LEDs
                      00090 
0021   0AA3           00091                 incf            Count,F                         ; increment count - store in Count regis
                            ter
0022   0823           00092                 movf            Count,W                         ; move the count to the W register
0023   0088           00093                 movwf           PORTD                           ; display count on port D 
                      00094 
0024   2???           00095                 goto            timeLoop                        ; time another second
                      00096 
                      00097 ;~~~~~~~~~~~~~~~~~~~~~~~~~~~~~~~~~~~~~~~~~~~~~~~~~~~~~~~~~~~~
                      00098 ;
MPASM  5.33                         TIMER.ASM   10-18-2013  14:13:05         PAGE  3
Long Timer Program

LOC  OBJECT CODE     LINE SOURCE TEXT
  VALUE

                      00099 
0025                  00100 isrService
                      00101 
0025   2???           00102                 goto            isrService                      ; error - - stay here
                      00103 
                      00104 ;~~~~~~~~~~~~~~~~~~~~~~~~~~~~~~~~~~~~~~~~~~~~~~~~~~~~~~~~~~~~
                      00105 
3FB2                  00106                 END
MPASM  5.33                         TIMER.ASM   10-18-2013  14:13:05         PAGE  4
Long Timer Program

SYMBOL TABLE
  LABEL                             VALUE 

ADCON0                            0000001F
ADCON1                            0000009F
ADCS0                             00000006
ADCS1                             00000007
ADIE                              00000006
ADIF                              00000006
ADON                              00000000
ADRES                             0000001E
BF                                00000000
BRGH                              00000002
C                                 00000000
CCP1CON                           00000017
CCP1IE                            00000002
CCP1IF                            00000002
CCP1M0                            00000000
CCP1M1                            00000001
CCP1M2                            00000002
CCP1M3                            00000003
CCP1X                             00000005
CCP1Y                             00000004
CCP2CON                           0000001D
CCP2IE                            00000000
CCP2IF                            00000000
CCP2M0                            00000000
CCP2M1                            00000001
CCP2M2                            00000002
CCP2M3                            00000003
CCP2X                             00000005
CCP2Y                             00000004
CCPR1H                            00000016
CCPR1L                            00000015
CCPR2H                            0000001C
CCPR2L                            0000001B
CHS0                              00000003
CHS1                              00000004
CHS2                              00000005
CKE                               00000006
CKP                               00000004
CREN                              00000004
CSRC                              00000007
Count                             00000023
D                                 00000005
DATA_ADDRESS                      00000005
DC                                00000001
D_A                               00000005
F                                 00000001
FERR                              00000002
FSR                               00000004
GIE                               00000007
GO                                00000002
GO_DONE                           00000002
I2C_DATA                          00000005
I2C_READ                          00000002
MPASM  5.33                         TIMER.ASM   10-18-2013  14:13:05         PAGE  5
Long Timer Program

SYMBOL TABLE
  LABEL                             VALUE 

I2C_START                         00000003
I2C_STOP                          00000004
IBF                               00000007
IBOV                              00000005
INDF                              00000000
INTCON                            0000000B
INTE                              00000004
INTEDG                            00000006
INTF                              00000001
IRP                               00000007
NOT_A                             00000005
NOT_ADDRESS                       00000005
NOT_BO                            00000000
NOT_BOR                           00000000
NOT_DONE                          00000002
NOT_PD                            00000003
NOT_POR                           00000001
NOT_RBPU                          00000007
NOT_RC8                           00000006
NOT_T1SYNC                        00000002
NOT_TO                            00000004
NOT_TX8                           00000006
NOT_W                             00000002
NOT_WRITE                         00000002
OBF                               00000006
OERR                              00000001
OPTION_REG                        00000081
P                                 00000004
PCFG0                             00000000
PCFG1                             00000001
PCFG2                             00000002
PCL                               00000002
PCLATH                            0000000A
PCON                              0000008E
PEIE                              00000006
PIE1                              0000008C
PIE2                              0000008D
PIR1                              0000000C
PIR2                              0000000D
PMADR                             0000010D
PMADRH                            0000010F
PMCON1                            0000018C
PMDATA                            0000010C
PMDATH                            0000010E
PORTA                             00000005
PORTB                             00000006
PORTC                             00000007
PORTD                             00000008
PORTE                             00000009
PR2                               00000092
PS0                               00000000
PS1                               00000001
PS2                               00000002
MPASM  5.33                         TIMER.ASM   10-18-2013  14:13:05         PAGE  6
Long Timer Program

SYMBOL TABLE
  LABEL                             VALUE 

PSA                               00000003
PSPIE                             00000007
PSPIF                             00000007
PSPMODE                           00000004
R                                 00000002
RBIE                              00000003
RBIF                              00000000
RC8_9                             00000006
RC9                               00000006
RCD8                              00000000
RCIE                              00000005
RCIF                              00000005
RCREG                             0000001A
RCSTA                             00000018
RD                                00000000
READ_WRITE                        00000002
RP0                               00000005
RP1                               00000006
RX9                               00000006
RX9D                              00000000
R_W                               00000002
S                                 00000003
SMP                               00000007
SPBRG                             00000099
SPEN                              00000007
SREN                              00000005
SSPADD                            00000093
SSPBUF                            00000013
SSPCON                            00000014
SSPEN                             00000005
SSPIE                             00000003
SSPIF                             00000003
SSPM0                             00000000
SSPM1                             00000001
SSPM2                             00000002
SSPM3                             00000003
SSPOV                             00000006
SSPSTAT                           00000094
STATUS                            00000003
SYNC                              00000004
State                             00000024
T0CS                              00000005
T0IE                              00000005
T0IF                              00000002
T0SE                              00000004
T1CKPS0                           00000004
T1CKPS1                           00000005
T1CON                             00000010
T1INSYNC                          00000002
T1OSCEN                           00000003
T2CKPS0                           00000000
T2CKPS1                           00000001
T2CON                             00000012
MPASM  5.33                         TIMER.ASM   10-18-2013  14:13:05         PAGE  7
Long Timer Program

SYMBOL TABLE
  LABEL                             VALUE 

TMR0                              00000001
TMR1CS                            00000001
TMR1H                             0000000F
TMR1IE                            00000000
TMR1IF                            00000000
TMR1L                             0000000E
TMR1ON                            00000000
TMR2                              00000011
TMR2IE                            00000001
TMR2IF                            00000001
TMR2ON                            00000002
TOUTPS0                           00000003
TOUTPS1                           00000004
TOUTPS2                           00000005
TOUTPS3                           00000006
TRISA                             00000085
TRISB                             00000086
TRISC                             00000087
TRISD                             00000088
TRISE                             00000089
TRISE0                            00000000
TRISE1                            00000001
TRISE2                            00000002
TRMT                              00000001
TX8_9                             00000006
TX9                               00000006
TX9D                              00000000
TXD8                              00000000
TXEN                              00000005
TXIE                              00000004
TXIF                              00000004
TXREG                             00000019
TXSTA                             00000098
Timer0                            00000022
Timer1                            00000021
Timer2                            00000020
UA                                00000001
W                                 00000000
WCOL                              00000007
Z                                 00000002
_BODEN_OFF                        00003FBF
_BODEN_ON                         00003FFF
_CP_ALL                           00003FEF
_CP_OFF                           00003FFF
_HS_OSC                           00003FFE
_LP_OSC                           00003FFC
_PWRTE_OFF                        00003FFF
_PWRTE_ON                         00003FF7
_RC_OSC                           00003FFF
_WDT_OFF                          00003FFB
_WDT_ON                           00003FFF
_XT_OSC                           00003FFD
__16F74                           00000001
MPASM  5.33                         TIMER.ASM   10-18-2013  14:13:05         PAGE  8
Long Timer Program

SYMBOL TABLE
  LABEL                             VALUE 

__DEBUG                           1
delay                             0000001B
initPort                          00000010
isrService                        00000025
timeLoop                          00000015

Errors   :     0
Warnings :     0 reported,     0 suppressed
Messages :     1 reported,     0 suppressed

